#
# There is insufficient memory for the Java Runtime Environment to continue.
# Native memory allocation (malloc) failed to allocate 238160 bytes for Chunk::new
# Possible reasons:
#   The system is out of physical RAM or swap space
#   In 32 bit mode, the process size limit was hit
# Possible solutions:
#   Reduce memory load on the system
#   Increase physical memory or swap space
#   Check if swap backing store is full
#   Use 64 bit Java on a 64 bit OS
#   Decrease Java heap size (-Xmx/-Xms)
#   Decrease number of Java threads
#   Decrease Java thread stack sizes (-Xss)
#   Set larger code cache with -XX:ReservedCodeCacheSize=
# This output file may be truncated or incomplete.
#
#  Out of Memory Error (allocation.cpp:390), pid=9976, tid=6136
#
# JRE version: Java(TM) SE Runtime Environment (8.0_65-b17) (build 1.8.0_65-b17)
# Java VM: Java HotSpot(TM) 64-Bit Server VM (25.65-b01 mixed mode windows-amd64 compressed oops)
# Failed to write core dump. Minidumps are not enabled by default on client versions of Windows
#

---------------  T H R E A D  ---------------

Current thread (0x0000000006341800):  JavaThread "C2 CompilerThread0" daemon [_thread_in_native, id=6136, stack(0x00000000082c0000,0x00000000083c0000)]

Stack: [0x00000000082c0000,0x00000000083c0000]
[error occurred during error reporting (printing stack bounds), id 0xc0000005]

Native frames: (J=compiled Java code, j=interpreted, Vv=VM code, C=native code)


Current CompileTask:
C2:  29820 2570       4       com.android.dx.rop.cst.CstBaseMethodRef::getPrototype (41 bytes)


---------------  P R O C E S S  ---------------

Java Threads: ( => current thread )
  0x0000000007f4b000 JavaThread "Service Thread" daemon [_thread_blocked, id=4640, stack(0x00000000085c0000,0x00000000086c0000)]
  0x0000000007f1d800 JavaThread "C1 CompilerThread2" daemon [_thread_blocked, id=9092, stack(0x00000000084c0000,0x00000000085c0000)]
  0x0000000007ec1800 JavaThread "C2 CompilerThread1" daemon [_thread_in_native, id=9044, stack(0x00000000083c0000,0x00000000084c0000)]
=>0x0000000006341800 JavaThread "C2 CompilerThread0" daemon [_thread_in_native, id=6136, stack(0x00000000082c0000,0x00000000083c0000)]
  0x000000000633f800 JavaThread "Attach Listener" daemon [_thread_blocked, id=10048, stack(0x0000000007dc0000,0x0000000007ec0000)]
  0x000000000633e800 JavaThread "Signal Dispatcher" daemon [_thread_blocked, id=4976, stack(0x0000000007cc0000,0x0000000007dc0000)]
  0x0000000002c50800 JavaThread "Finalizer" daemon [_thread_blocked, id=9836, stack(0x0000000007590000,0x0000000007690000)]
  0x0000000002c4d000 JavaThread "Reference Handler" daemon [_thread_blocked, id=7584, stack(0x0000000007490000,0x0000000007590000)]
  0x0000000002b60800 JavaThread "main" [_thread_in_vm, id=10124, stack(0x0000000002a60000,0x0000000002b60000)]

Other Threads:
  0x00000000062f8000 VMThread [stack: 0x0000000007390000,0x0000000007490000] [id=9856]
  0x0000000007f40800 WatcherThread [stack: 0x00000000086c0000,0x00000000087c0000] [id=9164]

VM state:not at safepoint (normal execution)

VM Mutex/Monitor currently owned by a thread: None

Heap:
 PSYoungGen      total 70656K, used 41200K [0x00000000eab00000, 0x00000000f4800000, 0x0000000100000000)
  eden space 65536K, 55% used [0x00000000eab00000,0x00000000ece40a88,0x00000000eeb00000)
  from space 5120K, 99% used [0x00000000eeb00000,0x00000000eeffb648,0x00000000ef000000)
  to   space 14848K, 0% used [0x00000000f3980000,0x00000000f3980000,0x00000000f4800000)
 ParOldGen       total 86016K, used 25872K [0x00000000c0000000, 0x00000000c5400000, 0x00000000eab00000)
  object space 86016K, 30% used [0x00000000c0000000,0x00000000c19441e0,0x00000000c5400000)
 Metaspace       used 6614K, capacity 7504K, committed 7680K, reserved 1056768K
  class space    used 612K, capacity 648K, committed 768K, reserved 1048576K

Card table byte_map: [0x0000000003020000,0x0000000003230000] byte_map_base: 0x0000000002a20000

Marking Bits: (ParMarkBitMap*) 0x00000000701fa5b0
 Begin Bits: [0x0000000003790000, 0x0000000004790000)
 End Bits:   [0x0000000004790000, 0x0000000005790000)

Polling page: 0x0000000000b10000

CodeCache: size=245760Kb used=11316Kb max_used=11316Kb free=234443Kb
 bounds [0x000000000f010000, 0x000000000fb30000, 0x000000001e010000]
 total_blobs=2577 nmethods=2311 adapters=178
 compilation: enabled

Compilation events (10 events):
Event: 29.769 Thread 0x0000000006341800 2570       4       com.android.dx.rop.cst.CstBaseMethodRef::getPrototype (41 bytes)
Event: 29.770 Thread 0x0000000007f1d800 2571       3       com.android.dx.dex.code.SwitchData::writeTo (272 bytes)
Event: 29.771 Thread 0x0000000007f1d800 nmethod 2571 0x000000000fb15790 code [0x000000000fb15aa0, 0x000000000fb16e38]
Event: 29.772 Thread 0x0000000007f1d800 2572       3       com.android.dx.dex.code.form.Form31t::writeTo (33 bytes)
Event: 29.773 Thread 0x0000000007f1d800 nmethod 2572 0x000000000fb14110 code [0x000000000fb14340, 0x000000000fb15068]
Event: 29.773 Thread 0x0000000007f1d800 2573       3       com.android.dx.dex.code.OddSpacer::writeTo (19 bytes)
Event: 29.774 Thread 0x0000000007f1d800 nmethod 2573 0x000000000fb1db10 code [0x000000000fb1dcc0, 0x000000000fb1e1c8]
Event: 29.774 Thread 0x0000000007f1d800 2574       3       com.android.dx.dex.file.CodeItem::writeTo0 (489 bytes)
Event: 29.782 Thread 0x0000000007f1d800 nmethod 2574 0x000000000fb1e3d0 code [0x000000000fb1ed60, 0x000000000fb255c8]
Event: 29.783 Thread 0x0000000007ec1800 2575 %     4       com.android.dx.dex.code.DalvInsnList::getOutsSize @ 9 (105 bytes)

GC Heap History (10 events):
Event: 8.351 GC heap before
{Heap before GC invocations=1 (full 0):
 PSYoungGen      total 37888K, used 32768K [0x00000000eab00000, 0x00000000ed500000, 0x0000000100000000)
  eden space 32768K, 100% used [0x00000000eab00000,0x00000000ecb00000,0x00000000ecb00000)
  from space 5120K, 0% used [0x00000000ed000000,0x00000000ed000000,0x00000000ed500000)
  to   space 5120K, 0% used [0x00000000ecb00000,0x00000000ecb00000,0x00000000ed000000)
 ParOldGen       total 86016K, used 0K [0x00000000c0000000, 0x00000000c5400000, 0x00000000eab00000)
  object space 86016K, 0% used [0x00000000c0000000,0x00000000c0000000,0x00000000c5400000)
 Metaspace       used 5749K, capacity 6832K, committed 7040K, reserved 1056768K
  class space    used 578K, capacity 616K, committed 640K, reserved 1048576K
Event: 8.380 GC heap after
Heap after GC invocations=1 (full 0):
 PSYoungGen      total 37888K, used 5106K [0x00000000eab00000, 0x00000000ed500000, 0x0000000100000000)
  eden space 32768K, 0% used [0x00000000eab00000,0x00000000eab00000,0x00000000ecb00000)
  from space 5120K, 99% used [0x00000000ecb00000,0x00000000ecffc8f8,0x00000000ed000000)
  to   space 5120K, 0% used [0x00000000ed000000,0x00000000ed000000,0x00000000ed500000)
 ParOldGen       total 86016K, used 1551K [0x00000000c0000000, 0x00000000c5400000, 0x00000000eab00000)
  object space 86016K, 1% used [0x00000000c0000000,0x00000000c0183e10,0x00000000c5400000)
 Metaspace       used 5749K, capacity 6832K, committed 7040K, reserved 1056768K
  class space    used 578K, capacity 616K, committed 640K, reserved 1048576K
}
Event: 14.346 GC heap before
{Heap before GC invocations=2 (full 0):
 PSYoungGen      total 37888K, used 37874K [0x00000000eab00000, 0x00000000ed500000, 0x0000000100000000)
  eden space 32768K, 100% used [0x00000000eab00000,0x00000000ecb00000,0x00000000ecb00000)
  from space 5120K, 99% used [0x00000000ecb00000,0x00000000ecffc8f8,0x00000000ed000000)
  to   space 5120K, 0% used [0x00000000ed000000,0x00000000ed000000,0x00000000ed500000)
 ParOldGen       total 86016K, used 1551K [0x00000000c0000000, 0x00000000c5400000, 0x00000000eab00000)
  object space 86016K, 1% used [0x00000000c0000000,0x00000000c0183e10,0x00000000c5400000)
 Metaspace       used 5918K, capacity 6960K, committed 7040K, reserved 1056768K
  class space    used 582K, capacity 616K, committed 640K, reserved 1048576K
Event: 14.634 GC heap after
Heap after GC invocations=2 (full 0):
 PSYoungGen      total 37888K, used 5091K [0x00000000eab00000, 0x00000000ef500000, 0x0000000100000000)
  eden space 32768K, 0% used [0x00000000eab00000,0x00000000eab00000,0x00000000ecb00000)
  from space 5120K, 99% used [0x00000000ed000000,0x00000000ed4f8f08,0x00000000ed500000)
  to   space 5120K, 0% used [0x00000000ecb00000,0x00000000ecb00000,0x00000000ed000000)
 ParOldGen       total 86016K, used 6954K [0x00000000c0000000, 0x00000000c5400000, 0x00000000eab00000)
  object space 86016K, 8% used [0x00000000c0000000,0x00000000c06ca9d8,0x00000000c5400000)
 Metaspace       used 5918K, capacity 6960K, committed 7040K, reserved 1056768K
  class space    used 582K, capacity 616K, committed 640K, reserved 1048576K
}
Event: 18.986 GC heap before
{Heap before GC invocations=3 (full 0):
 PSYoungGen      total 37888K, used 37859K [0x00000000eab00000, 0x00000000ef500000, 0x0000000100000000)
  eden space 32768K, 100% used [0x00000000eab00000,0x00000000ecb00000,0x00000000ecb00000)
  from space 5120K, 99% used [0x00000000ed000000,0x00000000ed4f8f08,0x00000000ed500000)
  to   space 5120K, 0% used [0x00000000ecb00000,0x00000000ecb00000,0x00000000ed000000)
 ParOldGen       total 86016K, used 6954K [0x00000000c0000000, 0x00000000c5400000, 0x00000000eab00000)
  object space 86016K, 8% used [0x00000000c0000000,0x00000000c06ca9d8,0x00000000c5400000)
 Metaspace       used 6027K, capacity 7024K, committed 7296K, reserved 1056768K
  class space    used 586K, capacity 616K, committed 640K, reserved 1048576K
Event: 19.023 GC heap after
Heap after GC invocations=3 (full 0):
 PSYoungGen      total 37888K, used 5105K [0x00000000eab00000, 0x00000000ef500000, 0x0000000100000000)
  eden space 32768K, 0% used [0x00000000eab00000,0x00000000eab00000,0x00000000ecb00000)
  from space 5120K, 99% used [0x00000000ecb00000,0x00000000ecffc720,0x00000000ed000000)
  to   space 5120K, 0% used [0x00000000ef000000,0x00000000ef000000,0x00000000ef500000)
 ParOldGen       total 86016K, used 12985K [0x00000000c0000000, 0x00000000c5400000, 0x00000000eab00000)
  object space 86016K, 15% used [0x00000000c0000000,0x00000000c0cae480,0x00000000c5400000)
 Metaspace       used 6027K, capacity 7024K, committed 7296K, reserved 1056768K
  class space    used 586K, capacity 616K, committed 640K, reserved 1048576K
}
Event: 24.687 GC heap before
{Heap before GC invocations=4 (full 0):
 PSYoungGen      total 37888K, used 37873K [0x00000000eab00000, 0x00000000ef500000, 0x0000000100000000)
  eden space 32768K, 100% used [0x00000000eab00000,0x00000000ecb00000,0x00000000ecb00000)
  from space 5120K, 99% used [0x00000000ecb00000,0x00000000ecffc720,0x00000000ed000000)
  to   space 5120K, 0% used [0x00000000ef000000,0x00000000ef000000,0x00000000ef500000)
 ParOldGen       total 86016K, used 12985K [0x00000000c0000000, 0x00000000c5400000, 0x00000000eab00000)
  object space 86016K, 15% used [0x00000000c0000000,0x00000000c0cae480,0x00000000c5400000)
 Metaspace       used 6101K, capacity 7088K, committed 7296K, reserved 1056768K
  class space    used 589K, capacity 616K, committed 640K, reserved 1048576K
Event: 24.765 GC heap after
Heap after GC invocations=4 (full 0):
 PSYoungGen      total 70656K, used 5090K [0x00000000eab00000, 0x00000000ef500000, 0x0000000100000000)
  eden space 65536K, 0% used [0x00000000eab00000,0x00000000eab00000,0x00000000eeb00000)
  from space 5120K, 99% used [0x00000000ef000000,0x00000000ef4f8ab0,0x00000000ef500000)
  to   space 5120K, 0% used [0x00000000eeb00000,0x00000000eeb00000,0x00000000ef000000)
 ParOldGen       total 86016K, used 18194K [0x00000000c0000000, 0x00000000c5400000, 0x00000000eab00000)
  object space 86016K, 21% used [0x00000000c0000000,0x00000000c11c4af8,0x00000000c5400000)
 Metaspace       used 6101K, capacity 7088K, committed 7296K, reserved 1056768K
  class space    used 589K, capacity 616K, committed 640K, reserved 1048576K
}
Event: 26.157 GC heap before
{Heap before GC invocations=5 (full 0):
 PSYoungGen      total 70656K, used 70626K [0x00000000eab00000, 0x00000000ef500000, 0x0000000100000000)
  eden space 65536K, 100% used [0x00000000eab00000,0x00000000eeb00000,0x00000000eeb00000)
  from space 5120K, 99% used [0x00000000ef000000,0x00000000ef4f8ab0,0x00000000ef500000)
  to   space 5120K, 0% used [0x00000000eeb00000,0x00000000eeb00000,0x00000000ef000000)
 ParOldGen       total 86016K, used 18194K [0x00000000c0000000, 0x00000000c5400000, 0x00000000eab00000)
  object space 86016K, 21% used [0x00000000c0000000,0x00000000c11c4af8,0x00000000c5400000)
 Metaspace       used 6155K, capacity 7152K, committed 7296K, reserved 1056768K
  class space    used 591K, capacity 616K, committed 640K, reserved 1048576K
Event: 26.213 GC heap after
Heap after GC invocations=5 (full 0):
 PSYoungGen      total 70656K, used 5101K [0x00000000eab00000, 0x00000000f4800000, 0x0000000100000000)
  eden space 65536K, 0% used [0x00000000eab00000,0x00000000eab00000,0x00000000eeb00000)
  from space 5120K, 99% used [0x00000000eeb00000,0x00000000eeffb648,0x00000000ef000000)
  to   space 14848K, 0% used [0x00000000f3980000,0x00000000f3980000,0x00000000f4800000)
 ParOldGen       total 86016K, used 25872K [0x00000000c0000000, 0x00000000c5400000, 0x00000000eab00000)
  object space 86016K, 30% used [0x00000000c0000000,0x00000000c19441e0,0x00000000c5400000)
 Metaspace       used 6155K, capacity 7152K, committed 7296K, reserved 1056768K
  class space    used 591K, capacity 616K, committed 640K, reserved 1048576K
}

Deoptimization events (10 events):
Event: 29.131 Thread 0x0000000002b60800 Uncommon trap: reason=class_check action=maybe_recompile pc=0x000000000f11d034 method=com.android.dx.dex.code.OutputFinisher.massageInstructions([Lcom/android/dx/dex/code/Dop;)V @ 63
Event: 29.154 Thread 0x0000000002b60800 Uncommon trap: reason=class_check action=maybe_recompile pc=0x000000000f11d034 method=com.android.dx.dex.code.OutputFinisher.massageInstructions([Lcom/android/dx/dex/code/Dop;)V @ 63
Event: 29.303 Thread 0x0000000002b60800 Uncommon trap: reason=unstable_if action=reinterpret pc=0x000000000f18df64 method=java.util.ArrayList.<init>(I)V @ 5
Event: 29.329 Thread 0x0000000002b60800 Uncommon trap: reason=unstable_if action=reinterpret pc=0x000000000f4adee8 method=com.android.dx.util.ByteArrayAnnotatedOutput.ensureCapacity(I)V @ 6
Event: 29.330 Thread 0x0000000002b60800 Uncommon trap: reason=unstable_if action=reinterpret pc=0x000000000f2e669c method=com.android.dx.util.ByteArrayAnnotatedOutput.ensureCapacity(I)V @ 6
Event: 29.597 Thread 0x0000000002b60800 Uncommon trap: reason=unstable_if action=reinterpret pc=0x000000000f173998 method=com.android.dx.util.ByteArrayAnnotatedOutput.writeByte(I)V @ 13
Event: 29.718 Thread 0x0000000002b60800 Uncommon trap: reason=speculate_class_check action=maybe_recompile pc=0x000000000fafbf50 method=com.android.dx.dex.file.MemberIdItem.writeTo(Lcom/android/dx/dex/file/DexFile;Lcom/android/dx/util/AnnotatedOutput;)V @ 44
Event: 29.718 Thread 0x0000000002b60800 Uncommon trap: reason=speculate_class_check action=maybe_recompile pc=0x000000000fafbf50 method=com.android.dx.dex.file.MemberIdItem.writeTo(Lcom/android/dx/dex/file/DexFile;Lcom/android/dx/util/AnnotatedOutput;)V @ 44
Event: 29.718 Thread 0x0000000002b60800 Uncommon trap: reason=speculate_class_check action=maybe_recompile pc=0x000000000fafbf50 method=com.android.dx.dex.file.MemberIdItem.writeTo(Lcom/android/dx/dex/file/DexFile;Lcom/android/dx/util/AnnotatedOutput;)V @ 44
Event: 29.718 Thread 0x0000000002b60800 Uncommon trap: reason=speculate_class_check action=maybe_recompile pc=0x000000000fafbf50 method=com.android.dx.dex.file.MemberIdItem.writeTo(Lcom/android/dx/dex/file/DexFile;Lcom/android/dx/util/AnnotatedOutput;)V @ 44

Internal exceptions (3 events):
Event: 0.145 Thread 0x0000000002b60800 Exception <a 'java/lang/NoSuchMethodError': Method sun.misc.Unsafe.defineClass(Ljava/lang/String;[BII)Ljava/lang/Class; name or signature does not match> (0x00000000eab13080) thrown at [C:\workspace\8-2-build-windows-amd64-cygwin\jdk8u65\4987\hotspot\src\sLVà†B—Â?
Event: 0.145 Thread 0x0000000002b60800 Exception <a 'java/lang/NoSuchMethodError': Method sun.misc.Unsafe.prefetchRead(Ljava/lang/Object;J)V name or signature does not match> (0x00000000eab13368) thrown at [C:\workspace\8-2-build-windows-amd64-cygwin\jdk8u65\4987\hotspot\src\share\vm\prims\jni.úÆ¿…Þ2@
Event: 18.869 Thread 0x000000000804b800 Implicit null exception at 0x000000000f666f64 to 0x000000000f667a75

Events (10 events):
Event: 29.718 Thread 0x0000000002b60800 DEOPT UNPACKING pc=0x000000000f05582a sp=0x0000000002b5f3b0 mode 2
Event: 29.718 Thread 0x0000000002b60800 Uncommon trap: trap_request=0xffffff76 fr.pc=0x000000000fafbf50
Event: 29.718 Thread 0x0000000002b60800 DEOPT PACKING pc=0x000000000fafbf50 sp=0x0000000002b5f410
Event: 29.718 Thread 0x0000000002b60800 DEOPT UNPACKING pc=0x000000000f05582a sp=0x0000000002b5f3b0 mode 2
Event: 29.718 Thread 0x0000000002b60800 Uncommon trap: trap_request=0xffffff76 fr.pc=0x000000000fafbf50
Event: 29.718 Thread 0x0000000002b60800 DEOPT PACKING pc=0x000000000fafbf50 sp=0x0000000002b5f410
Event: 29.718 Thread 0x0000000002b60800 DEOPT UNPACKING pc=0x000000000f05582a sp=0x0000000002b5f3b0 mode 2
Event: 29.718 Thread 0x0000000002b60800 Uncommon trap: trap_request=0xffffff76 fr.pc=0x000000000fafbf50
Event: 29.718 Thread 0x0000000002b60800 DEOPT PACKING pc=0x000000000fafbf50 sp=0x0000000002b5f410
Event: 29.718 Thread 0x0000000002b60800 DEOPT UNPACKING pc=0x000000000f05582a sp=0x0000000002b5f3b0 mode 2


Dynamic libraries:
0x00007ff6e6a60000 - 0x00007ff6e6a97000 	C:\Program Files\Java\jdk1.8.0_65\bin\java.exe
0x00007ffd9e860000 - 0x00007ffd9ea21000 	C:\Windows\SYSTEM32\ntdll.dll
0x00007ffd9d960000 - 0x00007ffd9da0d000 	C:\Windows\system32\KERNEL32.DLL
0x00007ffd9bc40000 - 0x00007ffd9be1d000 	C:\Windows\system32\KERNELBASE.dll
0x00007ffd9c2e0000 - 0x00007ffd9c386000 	C:\Windows\system32\ADVAPI32.dll
0x00007ffd9c390000 - 0x00007ffd9c42d000 	C:\Windows\system32\msvcrt.dll
0x00007ffd9def0000 - 0x00007ffd9df4b000 	C:\Windows\system32\sechost.dll
0x00007ffd9e710000 - 0x00007ffd9e836000 	C:\Windows\system32\RPCRT4.dll
0x00007ffd9df50000 - 0x00007ffd9e09e000 	C:\Windows\system32\USER32.dll
0x00007ffd9e470000 - 0x00007ffd9e5f6000 	C:\Windows\system32\GDI32.dll
0x00007ffd96730000 - 0x00007ffd969a4000 	C:\Windows\WinSxS\amd64_microsoft.windows.common-controls_6595b64144ccf1df_6.0.10240.16384_none_f41f7b285750ef43\COMCTL32.dll
0x00007ffd9e0a0000 - 0x00007ffd9e0d6000 	C:\Windows\system32\IMM32.DLL
0x00007ffd9db50000 - 0x00007ffd9dcac000 	C:\Windows\system32\MSCTF.dll
0x00007ffd9b180000 - 0x00007ffd9b1b1000 	C:\Windows\system32\nvinitx.dll
0x00007ffd9b170000 - 0x00007ffd9b17a000 	C:\Windows\SYSTEM32\VERSION.dll
0x000000000f000000 - 0x000000000f006000 	C:\Program Files\NVIDIA Corporation\CoProcManager\_etoured.dll
0x00007ffd99070000 - 0x00007ffd990a2000 	C:\Program Files\NVIDIA Corporation\CoProcManager\nvd3d9wrapx.dll
0x00007ffd9dd20000 - 0x00007ffd9dee5000 	C:\Windows\system32\SETUPAPI.dll
0x00007ffd9be20000 - 0x00007ffd9be64000 	C:\Windows\system32\CFGMGR32.dll
0x00007ffd99040000 - 0x00007ffd99062000 	C:\Program Files\NVIDIA Corporation\CoProcManager\nvdxgiwrapx.dll
0x000000006f530000 - 0x000000006f602000 	C:\Program Files\Java\jdk1.8.0_65\jre\bin\msvcr100.dll
0x000000006f9f0000 - 0x0000000070279000 	C:\Program Files\Java\jdk1.8.0_65\jre\bin\server\jvm.dll
0x00007ffd9c2d0000 - 0x00007ffd9c2d8000 	C:\Windows\system32\PSAPI.DLL
0x00007ffd992f0000 - 0x00007ffd992f9000 	C:\Windows\SYSTEM32\WSOCK32.dll
0x00007ffd9e0e0000 - 0x00007ffd9e149000 	C:\Windows\system32\WS2_32.dll
0x00007ffd9e150000 - 0x00007ffd9e158000 	C:\Windows\system32\NSI.dll
0x00007ffd997b0000 - 0x00007ffd997d3000 	C:\Windows\SYSTEM32\WINMM.dll
0x00007ffd99490000 - 0x00007ffd994bc000 	C:\Windows\SYSTEM32\WINMMBASE.dll
0x00007ffd99b10000 - 0x00007ffd99b37000 	C:\Windows\SYSTEM32\DEVOBJ.dll
0x000000006f9e0000 - 0x000000006f9ef000 	C:\Program Files\Java\jdk1.8.0_65\jre\bin\verify.dll
0x000000006f9b0000 - 0x000000006f9d9000 	C:\Program Files\Java\jdk1.8.0_65\jre\bin\java.dll
0x000000006f990000 - 0x000000006f9a6000 	C:\Program Files\Java\jdk1.8.0_65\jre\bin\zip.dll
0x00007ffd9c430000 - 0x00007ffd9d952000 	C:\Windows\system32\SHELL32.dll
0x0000000007690000 - 0x0000000007cb8000 	C:\Windows\system32\windows.storage.dll
0x00007ffd9bff0000 - 0x00007ffd9c26c000 	C:\Windows\system32\combase.dll
0x00007ffd9da10000 - 0x00007ffd9da61000 	C:\Windows\system32\shlwapi.dll
0x00007ffd9b290000 - 0x00007ffd9b29f000 	C:\Windows\system32\kernel.appcore.dll
0x00007ffd9be70000 - 0x00007ffd9bf23000 	C:\Windows\system32\shcore.dll
0x00007ffd9b2c0000 - 0x00007ffd9b30a000 	C:\Windows\system32\powrprof.dll
0x00007ffd9b310000 - 0x00007ffd9b323000 	C:\Windows\system32\profapi.dll

VM Arguments:
jvm_args: -Djava.awt.headless=true -Xmx1024M -Dfile.encoding=GBK -Duser.country=CN -Duser.language=zh -Duser.variant 
java_command: com.android.dx.command.Main --dex --num-threads=4 --output D:\sjs\android_projects\Designer\Designer\presentation\build\intermediates\pre-dexed\debug\main_fee86ddd62bd46c2b1eb0fef4c902133cefe2daa.jar D:\sjs\android_projects\Designer\Designer\presentation\build\intermediates\transforms\instantRun\debug\folders\1\1\main
java_class_path (initial): D:\sjs\adt-bundle-windows-x86_64-20131030\sdk\build-tools\23.0.2\lib\dx.jar
Launcher Type: SUN_STANDARD

Environment Variables:
JAVA_HOME=C:\Program Files\Java\jdk1.8.0_65
CLASSPATH= .;C:\Program Files\Java\jdk1.8.0_65\lib;C:\Program Files\Java\jdk1.8.0_65\lib\tools.jar
PATH=C:\ProgramData\Oracle\Java\javapath;C:\Program Files (x86)\Intel\iCLS Client\;C:\Program Files\Intel\iCLS Client\;C:\Windows\system32;C:\Windows;C:\Windows\System32\Wbem;C:\Windows\System32\WindowsPowerShell\v1.0\;C:\Program Files\Java\jdk1.8.0_65\bin;C:\Program Files\Java\jdk1.8.0_65\jre\bin;D:\sjs±¸·ÝÎÄ¼þ\adt-bundle-windows-x86_64-20131030\sdk\platform-tools;D:\sjs±¸·ÝÎÄ¼þ\adt-bundle-windows-x86_64-20131030\sdk\tools;;C:\Program Files (x86)\NVIDIA Corporation\PhysX\Common;C:\Program Files\Microsoft SQL Server\110\Tools\Binn\;C:\Python27;C:\Program Files (x86)\QuickTime\QTSystem\;C:\Python27\Scripts;C:\Program Files\MySQL\bin
USERNAME=xdsjs
OS=Windows_NT
PROCESSOR_IDENTIFIER=Intel64 Family 6 Model 58 Stepping 9, GenuineIntel



---------------  S Y S T E M  ---------------

OS: Windows 10.0 , 64 bit Build 10240 (10.0.10240.16384)

CPU:total 4 (2 cores per cpu, 2 threads per core) family 6 model 58 stepping 9, cmov, cx8, fxsr, mmx, sse, sse2, sse3, ssse3, sse4.1, sse4.2, popcnt, avx, aes, clmul, erms, ht, tsc, tscinvbit, tscinv

Memory: 4k page, physical 8202600k(1272560k free), swap 8202600k(5300k free)

vm_info: Java HotSpot(TM) 64-Bit Server VM (25.65-b01) for windows-amd64 JRE (1.8.0_65-b17), built on Oct  6 2015 16:39:20 by "java_re" with MS VC++ 10.0 (VS2010)

time: Thu Dec 10 16:12:24 2015
elapsed time: 29 seconds (0d 0h 0m 29s)

