#
# There is insufficient memory for the Java Runtime Environment to continue.
# Native memory allocation (malloc) failed to allocate 333872 bytes for Chunk::new
# Possible reasons:
#   The system is out of physical RAM or swap space
#   In 32 bit mode, the process size limit was hit
# Possible solutions:
#   Reduce memory load on the system
#   Increase physical memory or swap space
#   Check if swap backing store is full
#   Use 64 bit Java on a 64 bit OS
#   Decrease Java heap size (-Xmx/-Xms)
#   Decrease number of Java threads
#   Decrease Java thread stack sizes (-Xss)
#   Set larger code cache with -XX:ReservedCodeCacheSize=
# This output file may be truncated or incomplete.
#
#  Out of Memory Error (allocation.cpp:390), pid=4104, tid=9408
#
# JRE version: Java(TM) SE Runtime Environment (8.0_65-b17) (build 1.8.0_65-b17)
# Java VM: Java HotSpot(TM) 64-Bit Server VM (25.65-b01 mixed mode windows-amd64 compressed oops)
# Failed to write core dump. Minidumps are not enabled by default on client versions of Windows
#

---------------  T H R E A D  ---------------

Current thread (0x0000000005b5e800):  JavaThread "C2 CompilerThread0" daemon [_thread_in_native, id=9408, stack(0x0000000007b10000,0x0000000007c10000)]

Stack: [0x0000000007b10000,0x0000000007c10000]
[error occurred during error reporting (printing stack bounds), id 0xc0000005]

Native frames: (J=compiled Java code, j=interpreted, Vv=VM code, C=native code)


Current CompileTask:
C2:   8427 1944       4       com.android.dx.cf.code.ValueAwareMachine::run (1142 bytes)


---------------  P R O C E S S  ---------------

Java Threads: ( => current thread )
  0x0000000007997000 JavaThread "pool-1-thread-4" [_thread_blocked, id=4864, stack(0x0000000008410000,0x0000000008510000)]
  0x0000000007995800 JavaThread "pool-1-thread-3" [_thread_blocked, id=6360, stack(0x0000000008310000,0x0000000008410000)]
  0x0000000007995000 JavaThread "pool-1-thread-2" [_thread_blocked, id=5560, stack(0x0000000008210000,0x0000000008310000)]
  0x000000000798f800 JavaThread "pool-2-thread-1" [_thread_blocked, id=5592, stack(0x0000000008110000,0x0000000008210000)]
  0x000000000798f000 JavaThread "pool-1-thread-1" [_thread_in_Java, id=3644, stack(0x0000000008010000,0x0000000008110000)]
  0x0000000007772000 JavaThread "Service Thread" daemon [_thread_blocked, id=5516, stack(0x0000000007e10000,0x0000000007f10000)]
  0x000000000776e000 JavaThread "C1 CompilerThread2" daemon [_thread_blocked, id=3084, stack(0x0000000007d10000,0x0000000007e10000)]
  0x000000000776b000 JavaThread "C2 CompilerThread1" daemon [_thread_in_native, id=7020, stack(0x0000000007c10000,0x0000000007d10000)]
=>0x0000000005b5e800 JavaThread "C2 CompilerThread0" daemon [_thread_in_native, id=9408, stack(0x0000000007b10000,0x0000000007c10000)]
  0x0000000005b5c800 JavaThread "Attach Listener" daemon [_thread_blocked, id=4680, stack(0x0000000007610000,0x0000000007710000)]
  0x0000000005b5b800 JavaThread "Signal Dispatcher" daemon [_thread_blocked, id=8844, stack(0x0000000007510000,0x0000000007610000)]
  0x00000000023f0800 JavaThread "Finalizer" daemon [_thread_blocked, id=7164, stack(0x0000000006d70000,0x0000000006e70000)]
  0x00000000023ed000 JavaThread "Reference Handler" daemon [_thread_blocked, id=4748, stack(0x0000000006c70000,0x0000000006d70000)]
  0x0000000002300800 JavaThread "main" [_thread_blocked, id=7112, stack(0x00000000021d0000,0x00000000022d0000)]

Other Threads:
  0x0000000005ac8000 VMThread [stack: 0x0000000006b70000,0x0000000006c70000] [id=6308]
  0x00000000077c5800 WatcherThread [stack: 0x0000000007f10000,0x0000000008010000] [id=9396]

VM state:not at safepoint (normal execution)

VM Mutex/Monitor currently owned by a thread: None

Heap:
 PSYoungGen      total 70656K, used 57783K [0x00000000eab00000, 0x00000000ef500000, 0x0000000100000000)
  eden space 65536K, 80% used [0x00000000eab00000,0x00000000ede70910,0x00000000eeb00000)
  from space 5120K, 99% used [0x00000000eeb00000,0x00000000eeffd2f8,0x00000000ef000000)
  to   space 5120K, 0% used [0x00000000ef000000,0x00000000ef000000,0x00000000ef500000)
 ParOldGen       total 86016K, used 23119K [0x00000000c0000000, 0x00000000c5400000, 0x00000000eab00000)
  object space 86016K, 26% used [0x00000000c0000000,0x00000000c1693e18,0x00000000c5400000)
 Metaspace       used 6438K, capacity 7222K, committed 7296K, reserved 1056768K
  class space    used 608K, capacity 622K, committed 640K, reserved 1048576K

Card table byte_map: [0x00000000027d0000,0x00000000029e0000] byte_map_base: 0x00000000021d0000

Marking Bits: (ParMarkBitMap*) 0x00000000701fa5b0
 Begin Bits: [0x0000000002f40000, 0x0000000003f40000)
 End Bits:   [0x0000000003f40000, 0x0000000004f40000)

Polling page: 0x00000000022e0000

CodeCache: size=245760Kb used=7858Kb max_used=7876Kb free=237901Kb
 bounds [0x000000000f010000, 0x000000000f7d0000, 0x000000001e010000]
 total_blobs=2191 nmethods=1919 adapters=184
 compilation: enabled

Compilation events (10 events):
Event: 8.279 Thread 0x0000000005b5e800 nmethod 1945 0x000000000f7b2f90 code [0x000000000f7b3640, 0x000000000f7b92f8]
Event: 8.281 Thread 0x0000000005b5e800 1997       4       java.util.HashMap::putVal (300 bytes)
Event: 8.292 Thread 0x0000000005b5e800 nmethod 1997 0x000000000f7ae950 code [0x000000000f7aeb00, 0x000000000f7af2b8]
Event: 8.292 Thread 0x0000000005b5e800 2010       4       com.android.dx.ssa.SsaMethod::indexListFromLabelList (47 bytes)
Event: 8.305 Thread 0x0000000005b5e800 nmethod 2010 0x000000000f7ac550 code [0x000000000f7ac6c0, 0x000000000f7ace78]
Event: 8.305 Thread 0x0000000005b5e800 1991       4       com.android.dx.cf.code.BaseMachine::storeResults (90 bytes)
Event: 8.327 Thread 0x0000000005b5e800 nmethod 1991 0x000000000f7c1310 code [0x000000000f7c1540, 0x000000000f7c23d0]
Event: 8.327 Thread 0x0000000005b5e800 1900       4       com.android.dx.ssa.back.IdenticalBlockCombiner::combineBlocks (102 bytes)
Event: 8.370 Thread 0x0000000005b5e800 nmethod 1900 0x000000000f7c3b50 code [0x000000000f7c3d60, 0x000000000f7c5750]
Event: 8.371 Thread 0x0000000005b5e800 1944       4       com.android.dx.cf.code.ValueAwareMachine::run (1142 bytes)

GC Heap History (10 events):
Event: 5.346 GC heap before
{Heap before GC invocations=1 (full 0):
 PSYoungGen      total 37888K, used 32768K [0x00000000eab00000, 0x00000000ed500000, 0x0000000100000000)
  eden space 32768K, 100% used [0x00000000eab00000,0x00000000ecb00000,0x00000000ecb00000)
  from space 5120K, 0% used [0x00000000ed000000,0x00000000ed000000,0x00000000ed500000)
  to   space 5120K, 0% used [0x00000000ecb00000,0x00000000ecb00000,0x00000000ed000000)
 ParOldGen       total 86016K, used 0K [0x00000000c0000000, 0x00000000c5400000, 0x00000000eab00000)
  object space 86016K, 0% used [0x00000000c0000000,0x00000000c0000000,0x00000000c5400000)
 Metaspace       used 5959K, capacity 6836K, committed 7040K, reserved 1056768K
  class space    used 605K, capacity 620K, committed 640K, reserved 1048576K
Event: 5.356 GC heap after
Heap after GC invocations=1 (full 0):
 PSYoungGen      total 37888K, used 5092K [0x00000000eab00000, 0x00000000ed500000, 0x0000000100000000)
  eden space 32768K, 0% used [0x00000000eab00000,0x00000000eab00000,0x00000000ecb00000)
  from space 5120K, 99% used [0x00000000ecb00000,0x00000000ecff93c0,0x00000000ed000000)
  to   space 5120K, 0% used [0x00000000ed000000,0x00000000ed000000,0x00000000ed500000)
 ParOldGen       total 86016K, used 280K [0x00000000c0000000, 0x00000000c5400000, 0x00000000eab00000)
  object space 86016K, 0% used [0x00000000c0000000,0x00000000c0046378,0x00000000c5400000)
 Metaspace       used 5959K, capacity 6836K, committed 7040K, reserved 1056768K
  class space    used 605K, capacity 620K, committed 640K, reserved 1048576K
}
Event: 5.828 GC heap before
{Heap before GC invocations=2 (full 0):
 PSYoungGen      total 37888K, used 37860K [0x00000000eab00000, 0x00000000ed500000, 0x0000000100000000)
  eden space 32768K, 100% used [0x00000000eab00000,0x00000000ecb00000,0x00000000ecb00000)
  from space 5120K, 99% used [0x00000000ecb00000,0x00000000ecff93c0,0x00000000ed000000)
  to   space 5120K, 0% used [0x00000000ed000000,0x00000000ed000000,0x00000000ed500000)
 ParOldGen       total 86016K, used 280K [0x00000000c0000000, 0x00000000c5400000, 0x00000000eab00000)
  object space 86016K, 0% used [0x00000000c0000000,0x00000000c0046378,0x00000000c5400000)
 Metaspace       used 6186K, capacity 7030K, committed 7296K, reserved 1056768K
  class space    used 607K, capacity 622K, committed 640K, reserved 1048576K
Event: 5.860 GC heap after
Heap after GC invocations=2 (full 0):
 PSYoungGen      total 37888K, used 5107K [0x00000000eab00000, 0x00000000ef500000, 0x0000000100000000)
  eden space 32768K, 0% used [0x00000000eab00000,0x00000000eab00000,0x00000000ecb00000)
  from space 5120K, 99% used [0x00000000ed000000,0x00000000ed4fcf80,0x00000000ed500000)
  to   space 5120K, 0% used [0x00000000ecb00000,0x00000000ecb00000,0x00000000ed000000)
 ParOldGen       total 86016K, used 3493K [0x00000000c0000000, 0x00000000c5400000, 0x00000000eab00000)
  object space 86016K, 4% used [0x00000000c0000000,0x00000000c0369768,0x00000000c5400000)
 Metaspace       used 6186K, capacity 7030K, committed 7296K, reserved 1056768K
  class space    used 607K, capacity 622K, committed 640K, reserved 1048576K
}
Event: 6.210 GC heap before
{Heap before GC invocations=3 (full 0):
 PSYoungGen      total 37888K, used 37875K [0x00000000eab00000, 0x00000000ef500000, 0x0000000100000000)
  eden space 32768K, 100% used [0x00000000eab00000,0x00000000ecb00000,0x00000000ecb00000)
  from space 5120K, 99% used [0x00000000ed000000,0x00000000ed4fcf80,0x00000000ed500000)
  to   space 5120K, 0% used [0x00000000ecb00000,0x00000000ecb00000,0x00000000ed000000)
 ParOldGen       total 86016K, used 3493K [0x00000000c0000000, 0x00000000c5400000, 0x00000000eab00000)
  object space 86016K, 4% used [0x00000000c0000000,0x00000000c0369768,0x00000000c5400000)
 Metaspace       used 6237K, capacity 7094K, committed 7296K, reserved 1056768K
  class space    used 607K, capacity 622K, committed 640K, reserved 1048576K
Event: 6.242 GC heap after
Heap after GC invocations=3 (full 0):
 PSYoungGen      total 37888K, used 5094K [0x00000000eab00000, 0x00000000ef500000, 0x0000000100000000)
  eden space 32768K, 0% used [0x00000000eab00000,0x00000000eab00000,0x00000000ecb00000)
  from space 5120K, 99% used [0x00000000ecb00000,0x00000000ecff98d8,0x00000000ed000000)
  to   space 5120K, 0% used [0x00000000ef000000,0x00000000ef000000,0x00000000ef500000)
 ParOldGen       total 86016K, used 7412K [0x00000000c0000000, 0x00000000c5400000, 0x00000000eab00000)
  object space 86016K, 8% used [0x00000000c0000000,0x00000000c073d298,0x00000000c5400000)
 Metaspace       used 6237K, capacity 7094K, committed 7296K, reserved 1056768K
  class space    used 607K, capacity 622K, committed 640K, reserved 1048576K
}
Event: 6.744 GC heap before
{Heap before GC invocations=4 (full 0):
 PSYoungGen      total 37888K, used 37862K [0x00000000eab00000, 0x00000000ef500000, 0x0000000100000000)
  eden space 32768K, 100% used [0x00000000eab00000,0x00000000ecb00000,0x00000000ecb00000)
  from space 5120K, 99% used [0x00000000ecb00000,0x00000000ecff98d8,0x00000000ed000000)
  to   space 5120K, 0% used [0x00000000ef000000,0x00000000ef000000,0x00000000ef500000)
 ParOldGen       total 86016K, used 7412K [0x00000000c0000000, 0x00000000c5400000, 0x00000000eab00000)
  object space 86016K, 8% used [0x00000000c0000000,0x00000000c073d298,0x00000000c5400000)
 Metaspace       used 6310K, capacity 7158K, committed 7296K, reserved 1056768K
  class space    used 608K, capacity 622K, committed 640K, reserved 1048576K
Event: 6.773 GC heap after
Heap after GC invocations=4 (full 0):
 PSYoungGen      total 70656K, used 5107K [0x00000000eab00000, 0x00000000ef500000, 0x0000000100000000)
  eden space 65536K, 0% used [0x00000000eab00000,0x00000000eab00000,0x00000000eeb00000)
  from space 5120K, 99% used [0x00000000ef000000,0x00000000ef4fcf80,0x00000000ef500000)
  to   space 5120K, 0% used [0x00000000eeb00000,0x00000000eeb00000,0x00000000ef000000)
 ParOldGen       total 86016K, used 12921K [0x00000000c0000000, 0x00000000c5400000, 0x00000000eab00000)
  object space 86016K, 15% used [0x00000000c0000000,0x00000000c0c9e5f8,0x00000000c5400000)
 Metaspace       used 6310K, capacity 7158K, committed 7296K, reserved 1056768K
  class space    used 608K, capacity 622K, committed 640K, reserved 1048576K
}
Event: 7.566 GC heap before
{Heap before GC invocations=5 (full 0):
 PSYoungGen      total 70656K, used 70643K [0x00000000eab00000, 0x00000000ef500000, 0x0000000100000000)
  eden space 65536K, 100% used [0x00000000eab00000,0x00000000eeb00000,0x00000000eeb00000)
  from space 5120K, 99% used [0x00000000ef000000,0x00000000ef4fcf80,0x00000000ef500000)
  to   space 5120K, 0% used [0x00000000eeb00000,0x00000000eeb00000,0x00000000ef000000)
 ParOldGen       total 86016K, used 12921K [0x00000000c0000000, 0x00000000c5400000, 0x00000000eab00000)
  object space 86016K, 15% used [0x00000000c0000000,0x00000000c0c9e5f8,0x00000000c5400000)
 Metaspace       used 6404K, capacity 7158K, committed 7296K, reserved 1056768K
  class space    used 608K, capacity 622K, committed 640K, reserved 1048576K
Event: 7.606 GC heap after
Heap after GC invocations=5 (full 0):
 PSYoungGen      total 70656K, used 5108K [0x00000000eab00000, 0x00000000ef500000, 0x0000000100000000)
  eden space 65536K, 0% used [0x00000000eab00000,0x00000000eab00000,0x00000000eeb00000)
  from space 5120K, 99% used [0x00000000eeb00000,0x00000000eeffd2f8,0x00000000ef000000)
  to   space 5120K, 0% used [0x00000000ef000000,0x00000000ef000000,0x00000000ef500000)
 ParOldGen       total 86016K, used 23119K [0x00000000c0000000, 0x00000000c5400000, 0x00000000eab00000)
  object space 86016K, 26% used [0x00000000c0000000,0x00000000c1693e18,0x00000000c5400000)
 Metaspace       used 6404K, capacity 7158K, committed 7296K, reserved 1056768K
  class space    used 608K, capacity 622K, committed 640K, reserved 1048576K
}

Deoptimization events (10 events):
Event: 6.336 Thread 0x0000000007995800 Uncommon trap: reason=bimorphic action=maybe_recompile pc=0x000000000f5601dc method=java.util.HashMap.getNode(ILjava/lang/Object;)Ljava/util/HashMap$Node; @ 126
Event: 6.336 Thread 0x0000000007995800 Uncommon trap: reason=bimorphic action=maybe_recompile pc=0x000000000f5601dc method=java.util.HashMap.getNode(ILjava/lang/Object;)Ljava/util/HashMap$Node; @ 126
Event: 6.336 Thread 0x0000000007995800 Uncommon trap: reason=class_check action=maybe_recompile pc=0x000000000f59d800 method=java.util.HashMap.putVal(ILjava/lang/Object;Ljava/lang/Object;ZZ)Ljava/lang/Object; @ 203
Event: 6.464 Thread 0x0000000007995800 Uncommon trap: reason=unstable_if action=reinterpret pc=0x000000000f610a78 method=com.android.dx.ssa.SCCP.simulateBranch(Lcom/android/dx/ssa/SsaInsn;)V @ 64
Event: 6.465 Thread 0x0000000007995800 Uncommon trap: reason=unstable_if action=reinterpret pc=0x000000000f599c1c method=com.android.dx.ssa.SsaMethod.updateOneDefinition(Lcom/android/dx/ssa/SsaInsn;Lcom/android/dx/rop/code/RegisterSpec;)V @ 4
Event: 6.998 Thread 0x0000000007995800 Uncommon trap: reason=bimorphic action=maybe_recompile pc=0x000000000f69d688 method=com.android.dx.cf.code.BytecodeArray.parseInstruction(ILcom/android/dx/cf/code/BytecodeArray$Visitor;)I @ 1130
Event: 6.998 Thread 0x0000000007995800 Uncommon trap: reason=bimorphic action=maybe_recompile pc=0x000000000f69d688 method=com.android.dx.cf.code.BytecodeArray.parseInstruction(ILcom/android/dx/cf/code/BytecodeArray$Visitor;)I @ 1130
Event: 7.221 Thread 0x0000000007997000 Uncommon trap: reason=unstable_if action=reinterpret pc=0x000000000f585a20 method=com.android.dx.ssa.SCCP.simulateStmt(Lcom/android/dx/ssa/SsaInsn;)V @ 53
Event: 7.233 Thread 0x0000000007997000 Uncommon trap: reason=class_check action=maybe_recompile pc=0x000000000f59d800 method=java.util.HashMap.putVal(ILjava/lang/Object;Ljava/lang/Object;ZZ)Ljava/lang/Object; @ 203
Event: 7.777 Thread 0x0000000002300800 Uncommon trap: reason=unstable_if action=reinterpret pc=0x000000000f705cdc method=com.android.dx.rop.code.LocalItem.compareHandlesNulls(Lcom/android/dx/rop/cst/CstString;Lcom/android/dx/rop/cst/CstString;)I @ 14

Internal exceptions (4 events):
Event: 2.985 Thread 0x0000000002300800 Exception <a 'java/lang/NoSuchMethodError': Method sun.misc.Unsafe.defineClass(Ljava/lang/String;[BII)Ljava/lang/Class; name or signature does not match> (0x00000000eab13080) thrown at [C:\workspace\8-2-build-windows-amd64-cygwin\jdk8u65\4987\hotspot\src\sþËœdá@
Event: 2.985 Thread 0x0000000002300800 Exception <a 'java/lang/NoSuchMethodError': Method sun.misc.Unsafe.prefetchRead(Ljava/lang/Object;J)V name or signature does not match> (0x00000000eab13368) thrown at [C:\workspace\8-2-build-windows-amd64-cygwin\jdk8u65\4987\hotspot\src\share\vm\prims\jni.ÒŒSñ@
Event: 5.267 Thread 0x0000000002300800 Implicit null exception at 0x000000000f36d8a2 to 0x000000000f36d9a1
Event: 7.777 Thread 0x0000000002300800 Implicit null exception at 0x000000000f70425e to 0x000000000f705cb1

Events (10 events):
Event: 8.023 Thread 0x0000000002300800 DEOPT PACKING pc=0x000000000f654f92 sp=0x00000000022ce590
Event: 8.023 Thread 0x0000000002300800 DEOPT UNPACKING pc=0x000000000f05787f sp=0x00000000022ce3a0 mode 0
Event: 8.060 Thread 0x000000000798f000 DEOPT PACKING pc=0x000000000f37161f sp=0x000000000810e140
Event: 8.060 Thread 0x000000000798f000 DEOPT UNPACKING pc=0x000000000f05787f sp=0x000000000810df50 mode 0
Event: 8.154 Thread 0x0000000007995800 DEOPT PACKING pc=0x000000000f66ae3f sp=0x000000000840ef00
Event: 8.154 Thread 0x0000000007995800 DEOPT UNPACKING pc=0x000000000f05787f sp=0x000000000840ecf8 mode 0
Event: 8.170 Thread 0x0000000007997000 DEOPT PACKING pc=0x000000000f5990da sp=0x000000000850e7e0
Event: 8.170 Thread 0x0000000007997000 DEOPT UNPACKING pc=0x000000000f05787f sp=0x000000000850e548 mode 0
Event: 8.174 Thread 0x000000000798f000 DEOPT PACKING pc=0x000000000f37161f sp=0x000000000810e130
Event: 8.174 Thread 0x000000000798f000 DEOPT UNPACKING pc=0x000000000f05787f sp=0x000000000810df40 mode 0


Dynamic libraries:
0x00007ff6e6a60000 - 0x00007ff6e6a97000 	C:\Program Files\Java\jdk1.8.0_65\bin\java.exe
0x00007ffd9e860000 - 0x00007ffd9ea21000 	C:\Windows\SYSTEM32\ntdll.dll
0x00007ffd9d960000 - 0x00007ffd9da0d000 	C:\Windows\system32\KERNEL32.DLL
0x00007ffd9bc40000 - 0x00007ffd9be1d000 	C:\Windows\system32\KERNELBASE.dll
0x00007ffd9c2e0000 - 0x00007ffd9c386000 	C:\Windows\system32\ADVAPI32.dll
0x00007ffd9c390000 - 0x00007ffd9c42d000 	C:\Windows\system32\msvcrt.dll
0x00007ffd9def0000 - 0x00007ffd9df4b000 	C:\Windows\system32\sechost.dll
0x00007ffd9e710000 - 0x00007ffd9e836000 	C:\Windows\system32\RPCRT4.dll
0x00007ffd9df50000 - 0x00007ffd9e09e000 	C:\Windows\system32\USER32.dll
0x00007ffd9e470000 - 0x00007ffd9e5f6000 	C:\Windows\system32\GDI32.dll
0x00007ffd96730000 - 0x00007ffd969a4000 	C:\Windows\WinSxS\amd64_microsoft.windows.common-controls_6595b64144ccf1df_6.0.10240.16384_none_f41f7b285750ef43\COMCTL32.dll
0x00007ffd9e0a0000 - 0x00007ffd9e0d6000 	C:\Windows\system32\IMM32.DLL
0x00007ffd9db50000 - 0x00007ffd9dcac000 	C:\Windows\system32\MSCTF.dll
0x00007ffd9b180000 - 0x00007ffd9b1b1000 	C:\Windows\system32\nvinitx.dll
0x00007ffd9b170000 - 0x00007ffd9b17a000 	C:\Windows\SYSTEM32\VERSION.dll
0x000000000f000000 - 0x000000000f006000 	C:\Program Files\NVIDIA Corporation\CoProcManager\_etoured.dll
0x00007ffd99070000 - 0x00007ffd990a2000 	C:\Program Files\NVIDIA Corporation\CoProcManager\nvd3d9wrapx.dll
0x00007ffd9dd20000 - 0x00007ffd9dee5000 	C:\Windows\system32\SETUPAPI.dll
0x00007ffd9be20000 - 0x00007ffd9be64000 	C:\Windows\system32\CFGMGR32.dll
0x00007ffd99040000 - 0x00007ffd99062000 	C:\Program Files\NVIDIA Corporation\CoProcManager\nvdxgiwrapx.dll
0x000000006f530000 - 0x000000006f602000 	C:\Program Files\Java\jdk1.8.0_65\jre\bin\msvcr100.dll
0x000000006f9f0000 - 0x0000000070279000 	C:\Program Files\Java\jdk1.8.0_65\jre\bin\server\jvm.dll
0x00007ffd9c2d0000 - 0x00007ffd9c2d8000 	C:\Windows\system32\PSAPI.DLL
0x00007ffd992f0000 - 0x00007ffd992f9000 	C:\Windows\SYSTEM32\WSOCK32.dll
0x00007ffd9e0e0000 - 0x00007ffd9e149000 	C:\Windows\system32\WS2_32.dll
0x00007ffd9e150000 - 0x00007ffd9e158000 	C:\Windows\system32\NSI.dll
0x00007ffd997b0000 - 0x00007ffd997d3000 	C:\Windows\SYSTEM32\WINMM.dll
0x00007ffd99490000 - 0x00007ffd994bc000 	C:\Windows\SYSTEM32\WINMMBASE.dll
0x00007ffd99b10000 - 0x00007ffd99b37000 	C:\Windows\SYSTEM32\DEVOBJ.dll
0x000000006f9e0000 - 0x000000006f9ef000 	C:\Program Files\Java\jdk1.8.0_65\jre\bin\verify.dll
0x000000006f9b0000 - 0x000000006f9d9000 	C:\Program Files\Java\jdk1.8.0_65\jre\bin\java.dll
0x000000006f990000 - 0x000000006f9a6000 	C:\Program Files\Java\jdk1.8.0_65\jre\bin\zip.dll
0x00007ffd9c430000 - 0x00007ffd9d952000 	C:\Windows\system32\SHELL32.dll
0x0000000006ed0000 - 0x00000000074f8000 	C:\Windows\system32\windows.storage.dll
0x00007ffd9bff0000 - 0x00007ffd9c26c000 	C:\Windows\system32\combase.dll
0x00007ffd9da10000 - 0x00007ffd9da61000 	C:\Windows\system32\shlwapi.dll
0x00007ffd9b290000 - 0x00007ffd9b29f000 	C:\Windows\system32\kernel.appcore.dll
0x00007ffd9be70000 - 0x00007ffd9bf23000 	C:\Windows\system32\shcore.dll
0x00007ffd9b2c0000 - 0x00007ffd9b30a000 	C:\Windows\system32\powrprof.dll
0x00007ffd9b310000 - 0x00007ffd9b323000 	C:\Windows\system32\profapi.dll

VM Arguments:
jvm_args: -Djava.awt.headless=true -Xmx1024M -Dfile.encoding=GBK -Duser.country=CN -Duser.language=zh -Duser.variant 
java_command: com.android.dx.command.Main --dex --num-threads=4 --output D:\sjs\android_projects\Designer\Designer\presentation\build\intermediates\pre-dexed\debug\com.android.support-support-v4-23.1.1_96d43d861e2e99ae05213ff5ff4a49ac784fe647.jar D:\sjs\android_projects\Designer\Designer\presentation\build\intermediates\exploded-aar\com.android.support\support-v4\23.1.1\jars\classes.jar
java_class_path (initial): D:\sjs\adt-bundle-windows-x86_64-20131030\sdk\build-tools\23.0.2\lib\dx.jar
Launcher Type: SUN_STANDARD

Environment Variables:
JAVA_HOME=C:\Program Files\Java\jdk1.8.0_65
CLASSPATH= .;C:\Program Files\Java\jdk1.8.0_65\lib;C:\Program Files\Java\jdk1.8.0_65\lib\tools.jar
PATH=C:\ProgramData\Oracle\Java\javapath;C:\Program Files (x86)\Intel\iCLS Client\;C:\Program Files\Intel\iCLS Client\;C:\Windows\system32;C:\Windows;C:\Windows\System32\Wbem;C:\Windows\System32\WindowsPowerShell\v1.0\;C:\Program Files\Java\jdk1.8.0_65\bin;C:\Program Files\Java\jdk1.8.0_65\jre\bin;D:\sjs±¸·ÝÎÄ¼þ\adt-bundle-windows-x86_64-20131030\sdk\platform-tools;D:\sjs±¸·ÝÎÄ¼þ\adt-bundle-windows-x86_64-20131030\sdk\tools;;C:\Program Files (x86)\NVIDIA Corporation\PhysX\Common;C:\Program Files\Microsoft SQL Server\110\Tools\Binn\;C:\Python27;C:\Program Files (x86)\QuickTime\QTSystem\;C:\Python27\Scripts;C:\Program Files\MySQL\bin
USERNAME=xdsjs
OS=Windows_NT
PROCESSOR_IDENTIFIER=Intel64 Family 6 Model 58 Stepping 9, GenuineIntel



---------------  S Y S T E M  ---------------

OS: Windows 10.0 , 64 bit Build 10240 (10.0.10240.16384)

CPU:total 4 (2 cores per cpu, 2 threads per core) family 6 model 58 stepping 9, cmov, cx8, fxsr, mmx, sse, sse2, sse3, ssse3, sse4.1, sse4.2, popcnt, avx, aes, clmul, erms, ht, tsc, tscinvbit, tscinv

Memory: 4k page, physical 8202600k(1272584k free), swap 8202600k(5300k free)

vm_info: Java HotSpot(TM) 64-Bit Server VM (25.65-b01) for windows-amd64 JRE (1.8.0_65-b17), built on Oct  6 2015 16:39:20 by "java_re" with MS VC++ 10.0 (VS2010)

time: Thu Dec 10 16:12:24 2015
elapsed time: 8 seconds (0d 0h 0m 8s)

