#
# A fatal error has been detected by the Java Runtime Environment:
#
#  Internal Error (0xc06d007e), pid=10020, tid=5256
#
# JRE version:  (8.0_65-b17) (build )
# Java VM: Java HotSpot(TM) 64-Bit Server VM (25.65-b01 mixed mode windows-amd64 compressed oops)
# Problematic frame:
# C  [KERNELBASE.dll+0x2a1c8]
#
# Failed to write core dump. Minidumps are not enabled by default on client versions of Windows
#
# If you would like to submit a bug report, please visit:
#   http://bugreport.java.com/bugreport/crash.jsp
# The crash happened outside the Java Virtual Machine in native code.
# See problematic frame for where to report the bug.
#

---------------  T H R E A D  ---------------

Current thread (0x0000000002ef0800):  JavaThread "main" [_thread_in_native, id=5256, stack(0x0000000002c60000,0x0000000002d60000)]

siginfo: ExceptionCode=0xc06d007e, ExceptionInformation=0x0000000002d5e760 

Registers:
RAX=0x00007ffd9e881ccb, RBX=0x0000000000000000, RCX=0x0000000000e45550, RDX=0x0000000000000000
RSP=0x0000000002d5e660, RBP=0x0000000002d5e7b8, RSI=0x000000006f9cd86c, RDI=0x0000000000000000
R8 =0x0000000000e45550, R9 =0x0000000000e3e7d0, R10=0x00007ffd9e88aae8, R11=0x0000000000e20000
R12=0x0000000000000001, R13=0x000000006f9d5780, R14=0x000000006f9d5510, R15=0x000000006f9cd8f8
RIP=0x00007ffd9bc6a1c8, EFLAGS=0x0000000000000206

Top of Stack: (sp=0x0000000002d5e660)
0x0000000002d5e660:   0000000000000000 0000000000000000
0x0000000002d5e670:   000000006f9cd86c 0000000000000000
0x0000000002d5e680:   00000000c06d007e 0000000000000000
0x0000000002d5e690:   00007ffd9bc6a1c8 00007ffd00000001
0x0000000002d5e6a0:   0000000002d5e760 000000006f9cd86c
0x0000000002d5e6b0:   000000006f9cd8f8 000000006f9cd86c
0x0000000002d5e6c0:   0000000000000000 00007ffd9bc7ae0f
0x0000000002d5e6d0:   0000000000000000 0000000002d5e720
0x0000000002d5e6e0:   0000000000000022 0000000000000000
0x0000000002d5e6f0:   0000000000000000 0000000000000000
0x0000000002d5e700:   000000006f9ccb40 00007ffd9bc78799
0x0000000002d5e710:   0000000000000000 000000006f584e7e
0x0000000002d5e720:   000075432cbe4389 000000006f555695
0x0000000002d5e730:   0000000000000000 000000006f9c8867
0x0000000002d5e740:   0000000000000000 000000006f9cd86c
0x0000000002d5e750:   0000000000000001 000000006f5838a8 

Instructions: (pc=0x00007ffd9bc6a1c8)
0x00007ffd9bc6a1a8:   49 8b d1 44 0f 47 c0 44 89 44 24 38 49 c1 e0 03
0x00007ffd9bc6a1b8:   e8 5f eb 04 00 48 8d 4c 24 20 ff 15 18 05 0a 00
0x00007ffd9bc6a1c8:   48 8b 8c 24 c0 00 00 00 48 33 cc e8 38 b4 04 00
0x00007ffd9bc6a1d8:   48 81 c4 d8 00 00 00 c3 83 64 24 38 00 eb d6 cc 


Register to memory mapping:

RAX=0x00007ffd9e881ccb is an unknown value
RBX=0x0000000000000000 is an unknown value
RCX=0x0000000000e45550 is an unknown value
RDX=0x0000000000000000 is an unknown value
RSP=0x0000000002d5e660 is pointing into the stack for thread: 0x0000000002ef0800
RBP=0x0000000002d5e7b8 is pointing into the stack for thread: 0x0000000002ef0800
RSI=0x000000006f9cd86c is an unknown value
RDI=0x0000000000000000 is an unknown value
R8 =0x0000000000e45550 is an unknown value
R9 =0x0000000000e3e7d0 is an unknown value
R10=0x00007ffd9e88aae8 is an unknown value
R11=0x0000000000e20000 is an unknown value
R12=0x0000000000000001 is an unknown value
R13=0x000000006f9d5780 is an unknown value
R14=0x000000006f9d5510 is an unknown value
R15=0x000000006f9cd8f8 is an unknown value


Stack: [0x0000000002c60000,0x0000000002d60000],  sp=0x0000000002d5e660,  free space=1017k
Native frames: (J=compiled Java code, j=interpreted, Vv=VM code, C=native code)
C  [KERNELBASE.dll+0x2a1c8]
C  [java.dll+0x18867]

Java frames: (J=compiled Java code, j=interpreted, Vv=VM code)
j  java.lang.System.initProperties(Ljava/util/Properties;)Ljava/util/Properties;+0
j  java.lang.System.initializeSystemClass()V+13
v  ~StubRoutines::call_stub

---------------  P R O C E S S  ---------------

Java Threads: ( => current thread )
  0x0000000002fe0800 JavaThread "Finalizer" daemon [_thread_blocked, id=8908, stack(0x0000000007930000,0x0000000007a30000)]
  0x0000000002fdd000 JavaThread "Reference Handler" daemon [_thread_blocked, id=3580, stack(0x0000000007830000,0x0000000007930000)]
=>0x0000000002ef0800 JavaThread "main" [_thread_in_native, id=5256, stack(0x0000000002c60000,0x0000000002d60000)]

Other Threads:
  0x0000000006688000 VMThread [stack: 0x0000000007730000,0x0000000007830000] [id=376]

VM state:not at safepoint (normal execution)

VM Mutex/Monitor currently owned by a thread: None

Heap:
 PSYoungGen      total 37888K, used 1310K [0x00000000eab00000, 0x00000000ed500000, 0x0000000100000000)
  eden space 32768K, 4% used [0x00000000eab00000,0x00000000eac47ba0,0x00000000ecb00000)
  from space 5120K, 0% used [0x00000000ed000000,0x00000000ed000000,0x00000000ed500000)
  to   space 5120K, 0% used [0x00000000ecb00000,0x00000000ecb00000,0x00000000ed000000)
 ParOldGen       total 86016K, used 0K [0x00000000c0000000, 0x00000000c5400000, 0x00000000eab00000)
  object space 86016K, 0% used [0x00000000c0000000,0x00000000c0000000,0x00000000c5400000)
 Metaspace       used 959K, capacity 4480K, committed 4480K, reserved 1056768K
  class space    used 99K, capacity 384K, committed 384K, reserved 1048576K

Card table byte_map: [0x00000000033b0000,0x00000000035c0000] byte_map_base: 0x0000000002db0000

Marking Bits: (ParMarkBitMap*) 0x00000000701fa5b0
 Begin Bits: [0x0000000003b20000, 0x0000000004b20000)
 End Bits:   [0x0000000004b20000, 0x0000000005b20000)

Polling page: 0x00000000012c0000

CodeCache: size=245760Kb used=402Kb max_used=402Kb free=245357Kb
 bounds [0x000000000f010000, 0x000000000f280000, 0x000000001e010000]
 total_blobs=99 nmethods=0 adapters=73
 compilation: enabled

Compilation events (0 events):
No events

GC Heap History (0 events):
No events

Deoptimization events (0 events):
No events

Internal exceptions (0 events):
No events

Events (10 events):
Event: 0.408 loading class java/lang/ref/Finalizer$FinalizerThread done
Event: 0.408 Thread 0x0000000002fe0800 Thread added: 0x0000000002fe0800
Event: 0.408 loading class java/util/Hashtable$Entry
Event: 0.409 loading class java/util/Map$Entry
Event: 0.409 loading class java/util/Map$Entry done
Event: 0.409 loading class java/util/Hashtable$Entry done
Event: 0.409 loading class java/lang/Math
Event: 0.409 loading class java/lang/Math done
Event: 0.412 loading class sun/misc/VM
Event: 0.412 loading class sun/misc/VM done


Dynamic libraries:
0x00007ff6e6a60000 - 0x00007ff6e6a97000 	C:\Program Files\Java\jdk1.8.0_65\bin\java.exe
0x00007ffd9e860000 - 0x00007ffd9ea21000 	C:\Windows\SYSTEM32\ntdll.dll
0x00007ffd9d960000 - 0x00007ffd9da0d000 	C:\Windows\system32\KERNEL32.DLL
0x00007ffd9bc40000 - 0x00007ffd9be1d000 	C:\Windows\system32\KERNELBASE.dll
0x00007ffd9c2e0000 - 0x00007ffd9c386000 	C:\Windows\system32\ADVAPI32.dll
0x00007ffd9c390000 - 0x00007ffd9c42d000 	C:\Windows\system32\msvcrt.dll
0x00007ffd9def0000 - 0x00007ffd9df4b000 	C:\Windows\system32\sechost.dll
0x00007ffd9e710000 - 0x00007ffd9e836000 	C:\Windows\system32\RPCRT4.dll
0x00007ffd9df50000 - 0x00007ffd9e09e000 	C:\Windows\system32\USER32.dll
0x00007ffd9e470000 - 0x00007ffd9e5f6000 	C:\Windows\system32\GDI32.dll
0x00007ffd96730000 - 0x00007ffd969a4000 	C:\Windows\WinSxS\amd64_microsoft.windows.common-controls_6595b64144ccf1df_6.0.10240.16384_none_f41f7b285750ef43\COMCTL32.dll
0x00007ffd9e0a0000 - 0x00007ffd9e0d6000 	C:\Windows\system32\IMM32.DLL
0x00007ffd9db50000 - 0x00007ffd9dcac000 	C:\Windows\system32\MSCTF.dll
0x00007ffd9b180000 - 0x00007ffd9b1b1000 	C:\Windows\system32\nvinitx.dll
0x00007ffd9b170000 - 0x00007ffd9b17a000 	C:\Windows\SYSTEM32\VERSION.dll
0x000000000f000000 - 0x000000000f006000 	C:\Program Files\NVIDIA Corporation\CoProcManager\_etoured.dll
0x00007ffd99070000 - 0x00007ffd990a2000 	C:\Program Files\NVIDIA Corporation\CoProcManager\nvd3d9wrapx.dll
0x00007ffd9dd20000 - 0x00007ffd9dee5000 	C:\Windows\system32\SETUPAPI.dll
0x00007ffd9be20000 - 0x00007ffd9be64000 	C:\Windows\system32\CFGMGR32.dll
0x00007ffd99040000 - 0x00007ffd99062000 	C:\Program Files\NVIDIA Corporation\CoProcManager\nvdxgiwrapx.dll
0x000000006f530000 - 0x000000006f602000 	C:\Program Files\Java\jdk1.8.0_65\jre\bin\msvcr100.dll
0x000000006f9f0000 - 0x0000000070279000 	C:\Program Files\Java\jdk1.8.0_65\jre\bin\server\jvm.dll
0x00007ffd9c2d0000 - 0x00007ffd9c2d8000 	C:\Windows\system32\PSAPI.DLL
0x00007ffd992f0000 - 0x00007ffd992f9000 	C:\Windows\SYSTEM32\WSOCK32.dll
0x00007ffd9e0e0000 - 0x00007ffd9e149000 	C:\Windows\system32\WS2_32.dll
0x00007ffd9e150000 - 0x00007ffd9e158000 	C:\Windows\system32\NSI.dll
0x00007ffd997b0000 - 0x00007ffd997d3000 	C:\Windows\SYSTEM32\WINMM.dll
0x00007ffd99490000 - 0x00007ffd994bc000 	C:\Windows\SYSTEM32\WINMMBASE.dll
0x00007ffd99b10000 - 0x00007ffd99b37000 	C:\Windows\SYSTEM32\DEVOBJ.dll
0x000000006f9e0000 - 0x000000006f9ef000 	C:\Program Files\Java\jdk1.8.0_65\jre\bin\verify.dll
0x000000006f9b0000 - 0x000000006f9d9000 	C:\Program Files\Java\jdk1.8.0_65\jre\bin\java.dll
0x000000006f990000 - 0x000000006f9a6000 	C:\Program Files\Java\jdk1.8.0_65\jre\bin\zip.dll
0x00007ffd7d540000 - 0x00007ffd7d6ca000 	C:\Windows\SYSTEM32\dbghelp.dll

VM Arguments:
jvm_args: -Djava.awt.headless=true -Xmx1024M -Dfile.encoding=GBK -Duser.country=CN -Duser.language=zh -Duser.variant 
java_command: com.android.dx.command.Main --dex --num-threads=4 --output D:\sjs\android_projects\Designer\Designer\presentation\build\intermediates\pre-dexed\debug\instant-run_94c8c2d6dd201aece675fa2fcdb742cb78728fe7.jar D:\sjs\android_projects\Designer\Designer\presentation\build\intermediates\incremental-runtime-classes\debug\instant-run.jar
java_class_path (initial): D:\sjs\adt-bundle-windows-x86_64-20131030\sdk\build-tools\23.0.2\lib\dx.jar
Launcher Type: SUN_STANDARD

Environment Variables:
JAVA_HOME=C:\Program Files\Java\jdk1.8.0_65
CLASSPATH= .;C:\Program Files\Java\jdk1.8.0_65\lib;C:\Program Files\Java\jdk1.8.0_65\lib\tools.jar
PATH=C:\ProgramData\Oracle\Java\javapath;C:\Program Files (x86)\Intel\iCLS Client\;C:\Program Files\Intel\iCLS Client\;C:\Windows\system32;C:\Windows;C:\Windows\System32\Wbem;C:\Windows\System32\WindowsPowerShell\v1.0\;C:\Program Files\Java\jdk1.8.0_65\bin;C:\Program Files\Java\jdk1.8.0_65\jre\bin;D:\sjs备份文件\adt-bundle-windows-x86_64-20131030\sdk\platform-tools;D:\sjs备份文件\adt-bundle-windows-x86_64-20131030\sdk\tools;;C:\Program Files (x86)\NVIDIA Corporation\PhysX\Common;C:\Program Files\Microsoft SQL Server\110\Tools\Binn\;C:\Python27;C:\Program Files (x86)\QuickTime\QTSystem\;C:\Python27\Scripts;C:\Program Files\MySQL\bin
USERNAME=xdsjs
OS=Windows_NT
PROCESSOR_IDENTIFIER=Intel64 Family 6 Model 58 Stepping 9, GenuineIntel



---------------  S Y S T E M  ---------------

OS: Windows 10.0 , 64 bit Build 10240 (10.0.10240.16384)

CPU:total 4 (2 cores per cpu, 2 threads per core) family 6 model 58 stepping 9, cmov, cx8, fxsr, mmx, sse, sse2, sse3, ssse3, sse4.1, sse4.2, popcnt, avx, aes, clmul, erms, ht, tsc, tscinvbit, tscinv

Memory: 4k page, physical 8202600k(1266584k free), swap 8202600k(179524k free)

vm_info: Java HotSpot(TM) 64-Bit Server VM (25.65-b01) for windows-amd64 JRE (1.8.0_65-b17), built on Oct  6 2015 16:39:20 by "java_re" with MS VC++ 10.0 (VS2010)

time: Thu Dec 10 16:11:05 2015
elapsed time: 0 seconds (0d 0h 0m 0s)

